<?xml version="1.0" encoding="UTF-8"?>
<!-- Generated by org.testng.reporters.JUnitReportReporter -->
<testsuite skipped="1" hostname="5CG50201R7" name="TestScripts.TC_Staticlinks" tests="2" failures="0" timestamp="31 May 2018 12:13:57 GMT" time="0.000" errors="1">
  <testcase name="initialize" time="0.000" classname="TestScripts.TC_Staticlinks">
    <error type="org.testng.TestNGException" message="
Parameter &#039;Browser&#039; is required by BeforeSuite on method initialize but has not been marked @Optional or defined
in C:\Users\ejaybag\AppData\Local\Temp\testng-eclipse-662891913\testng-customsuite.xml">
      <![CDATA[org.testng.TestNGException: 
Parameter 'Browser' is required by BeforeSuite on method initialize but has not been marked @Optional or defined
in C:\Users\ejaybag\AppData\Local\Temp\testng-eclipse-662891913\testng-customsuite.xml
	at org.testng.internal.Parameters.createParameters(Parameters.java:199)
	at org.testng.internal.Parameters.createParameters(Parameters.java:443)
	at org.testng.internal.Parameters.createConfigurationParameters(Parameters.java:118)
	at org.testng.internal.Invoker.invokeConfigurations(Invoker.java:206)
	at org.testng.internal.Invoker.invokeConfigurations(Invoker.java:146)
	at org.testng.SuiteRunner.privateRun(SuiteRunner.java:326)
	at org.testng.SuiteRunner.run(SuiteRunner.java:289)
	at org.testng.SuiteRunnerWorker.runSuite(SuiteRunnerWorker.java:52)
	at org.testng.SuiteRunnerWorker.run(SuiteRunnerWorker.java:86)
	at org.testng.TestNG.runSuitesSequentially(TestNG.java:1301)
	at org.testng.TestNG.runSuitesLocally(TestNG.java:1226)
	at org.testng.TestNG.runSuites(TestNG.java:1144)
	at org.testng.TestNG.run(TestNG.java:1115)
	at org.testng.remote.AbstractRemoteTestNG.run(AbstractRemoteTestNG.java:114)
	at org.testng.remote.RemoteTestNG.initAndRun(RemoteTestNG.java:251)
	at org.testng.remote.RemoteTestNG.main(RemoteTestNG.java:77)
]]>
    </error>
  </testcase> <!-- initialize -->
  <testcase name="staticlinks" time="0.000" classname="TestScripts.TC_Staticlinks">
    <skipped/>
  </testcase> <!-- staticlinks -->
</testsuite> <!-- TestScripts.TC_Staticlinks -->
